<?xml version="1.0" encoding="UTF-8"?>
<testng-results ignored="1" total="2" passed="1" failed="0" skipped="0">
  <reporter-output>
  </reporter-output>
  <suite started-at="2023-07-31T06:55:02 IST" name="Default suite" finished-at="2023-07-31T06:55:09 IST" duration-ms="6559">
    <groups>
    </groups>
    <test started-at="2023-07-31T06:55:02 IST" name="Default test" finished-at="2023-07-31T06:55:09 IST" duration-ms="6559">
      <class name="Product_Bard.Product">
        <test-method is-config="true" signature="BSConfig()[pri:0, instance:Product_Bard.Product@5bf0d49]" started-at="2023-07-31T06:55:02 IST" name="BSConfig" finished-at="2023-07-31T06:55:02 IST" duration-ms="13" status="PASS">
          <reporter-output>
          </reporter-output>
        </test-method> <!-- BSConfig -->
        <test-method is-config="true" signature="BCConfig()[pri:0, instance:Product_Bard.Product@5bf0d49]" started-at="2023-07-31T06:55:02 IST" name="BCConfig" finished-at="2023-07-31T06:55:08 IST" duration-ms="5653" status="PASS">
          <reporter-output>
          </reporter-output>
        </test-method> <!-- BCConfig -->
        <test-method signature="createProduct()[pri:0, instance:Product_Bard.Product@5bf0d49]" started-at="2023-07-31T06:55:08 IST" name="createProduct" finished-at="2023-07-31T06:55:08 IST" duration-ms="518" status="PASS">
          <reporter-output>
          </reporter-output>
        </test-method> <!-- createProduct -->
        <test-method is-config="true" signature="ACConfig()[pri:0, instance:Product_Bard.Product@5bf0d49]" started-at="2023-07-31T06:55:08 IST" name="ACConfig" finished-at="2023-07-31T06:55:09 IST" duration-ms="317" status="PASS">
          <reporter-output>
          </reporter-output>
        </test-method> <!-- ACConfig -->
        <test-method is-config="true" signature="ASConfig()[pri:0, instance:Product_Bard.Product@5bf0d49]" started-at="2023-07-31T06:55:09 IST" name="ASConfig" finished-at="2023-07-31T06:55:09 IST" duration-ms="0" status="PASS">
          <reporter-output>
          </reporter-output>
        </test-method> <!-- ASConfig -->
      </class> <!-- Product_Bard.Product -->
    </test> <!-- Default test -->
  </suite> <!-- Default suite -->
</testng-results>
