<?xml version="1.0" encoding="UTF-8"?>
<testng-results ignored="0" total="1" passed="1" failed="0" skipped="0">
  <reporter-output>
  </reporter-output>
  <suite started-at="2023-07-30T16:28:39 IST" name="Default suite" finished-at="2023-07-30T16:29:05 IST" duration-ms="26020">
    <groups>
    </groups>
    <test started-at="2023-07-30T16:28:39 IST" name="Default test" finished-at="2023-07-30T16:29:05 IST" duration-ms="26020">
      <class name="organization.CreateNewOrganizationTest">
        <test-method is-config="true" signature="BSConfig()[pri:0, instance:organization.CreateNewOrganizationTest@2d3379b4]" started-at="2023-07-30T16:28:39 IST" name="BSConfig" finished-at="2023-07-30T16:28:39 IST" duration-ms="30" status="PASS">
          <reporter-output>
          </reporter-output>
        </test-method> <!-- BSConfig -->
        <test-method is-config="true" signature="BCConfig()[pri:0, instance:organization.CreateNewOrganizationTest@2d3379b4]" started-at="2023-07-30T16:28:39 IST" name="BCConfig" finished-at="2023-07-30T16:28:47 IST" duration-ms="7468" status="PASS">
          <reporter-output>
          </reporter-output>
        </test-method> <!-- BCConfig -->
        <test-method is-config="true" signature="BMConfig()[pri:0, instance:organization.CreateNewOrganizationTest@2d3379b4]" started-at="2023-07-30T16:28:47 IST" name="BMConfig" finished-at="2023-07-30T16:28:53 IST" duration-ms="5841" status="PASS">
          <reporter-output>
          </reporter-output>
        </test-method> <!-- BMConfig -->
        <test-method signature="createNewOrgTest()[pri:0, instance:organization.CreateNewOrganizationTest@2d3379b4]" started-at="2023-07-30T16:28:53 IST" name="createNewOrgTest" finished-at="2023-07-30T16:28:53 IST" duration-ms="14" status="PASS">
          <reporter-output>
          </reporter-output>
        </test-method> <!-- createNewOrgTest -->
        <test-method is-config="true" signature="AMConfig()[pri:0, instance:organization.CreateNewOrganizationTest@2d3379b4]" started-at="2023-07-30T16:28:53 IST" name="AMConfig" finished-at="2023-07-30T16:29:05 IST" duration-ms="12144" status="PASS">
          <reporter-output>
          </reporter-output>
        </test-method> <!-- AMConfig -->
        <test-method is-config="true" signature="ACConfig()[pri:0, instance:organization.CreateNewOrganizationTest@2d3379b4]" started-at="2023-07-30T16:29:05 IST" name="ACConfig" finished-at="2023-07-30T16:29:05 IST" duration-ms="440" status="PASS">
          <reporter-output>
          </reporter-output>
        </test-method> <!-- ACConfig -->
        <test-method is-config="true" signature="ASConfig()[pri:0, instance:organization.CreateNewOrganizationTest@2d3379b4]" started-at="2023-07-30T16:29:05 IST" name="ASConfig" finished-at="2023-07-30T16:29:05 IST" duration-ms="0" status="PASS">
          <reporter-output>
          </reporter-output>
        </test-method> <!-- ASConfig -->
      </class> <!-- organization.CreateNewOrganizationTest -->
    </test> <!-- Default test -->
  </suite> <!-- Default suite -->
</testng-results>
